Base path: D:/Program Files (x86)/Unity5.1/Unity/Editor/Data
Pipe name: \\.\pipe\UnityShaderCompiler-64bit-1-13456
Cmd: getPlatforms
Cmd: compileSnippet
  api=4 type=0 insize=9591 outsize=10634 kw= ok=1
Cmd: compileSnippet
  api=4 type=1 insize=9591 outsize=2533 kw= ok=1
Cmd: preprocess
  insize=219 outsize=219 ok=1
Cmd: preprocess
  insize=2317 outsize=849 ok=1
Cmd: compileSnippet
  api=4 type=0 insize=1770 outsize=1713 kw= ok=1
Cmd: compileSnippet
  api=4 type=1 insize=1770 outsize=1306 kw= ok=1
Cmd: preprocess
  insize=1571 outsize=492 ok=1
Cmd: compileSnippet
  api=4 type=0 insize=1381 outsize=1404 kw= ok=1
Cmd: compileSnippet
  api=4 type=1 insize=1381 outsize=1753 kw= ok=1
Cmd: preprocess
  insize=2886 outsize=889 ok=1
Cmd: compileSnippet
  api=4 type=0 insize=2301 outsize=2281 kw= ok=1
Cmd: compileSnippet
  api=4 type=1 insize=2301 outsize=1908 kw= ok=1
Cmd: preprocess
  insize=2330 outsize=478 ok=1
Cmd: compileSnippet
  api=4 type=0 insize=2154 outsize=2094 kw= ok=1
Cmd: compileSnippet
  api=4 type=1 insize=2154 outsize=1648 kw= ok=1
Cmd: preprocess
  insize=1986 outsize=887 ok=1
Cmd: compileSnippet
  api=4 type=0 insize=1401 outsize=1591 kw= ok=1
Cmd: compileSnippet
  api=4 type=1 insize=1401 outsize=1444 kw= ok=1
Cmd: preprocess
  insize=1964 outsize=478 ok=1
Cmd: compileSnippet
  api=4 type=0 insize=1788 outsize=1713 kw= ok=1
Cmd: compileSnippet
  api=4 type=1 insize=1788 outsize=1306 kw= ok=1
Cmd: preprocess
  insize=480 outsize=480 ok=1
Cmd: preprocess
  insize=2450 outsize=535 ok=1
Cmd: compileSnippet
  api=4 type=0 insize=2219 outsize=2094 kw= ok=1
Cmd: compileSnippet
  api=4 type=1 insize=2219 outsize=1607 kw= ok=1
Cmd: preprocess
  insize=2083 outsize=533 ok=1
Cmd: compileSnippet
  api=4 type=0 insize=1852 outsize=1713 kw= ok=1
Cmd: compileSnippet
  api=4 type=1 insize=1852 outsize=1266 kw= ok=1
Cmd: preprocess
  insize=1404 outsize=609 ok=1
Cmd: compileSnippet
  api=4 type=0 insize=1097 outsize=1526 kw= ok=1
Cmd: compileSnippet
  api=4 type=1 insize=1097 outsize=1071 kw= ok=1
Cmd: preprocess
  insize=1452 outsize=830 ok=1
Cmd: compileSnippet
  api=4 type=0 insize=924 outsize=1209 kw= ok=1
Cmd: compileSnippet
  api=4 type=1 insize=924 outsize=811 kw= ok=1
Cmd: preprocess
  insize=1503 outsize=625 ok=1
Cmd: compileSnippet
  api=4 type=0 insize=1179 outsize=1526 kw= ok=1
Cmd: compileSnippet
  api=4 type=1 insize=1179 outsize=1030 kw= ok=1
Cmd: preprocess
  insize=2684 outsize=849 ok=1
Cmd: compileSnippet
  api=4 type=0 insize=2137 outsize=2094 kw= ok=1
Cmd: compileSnippet
  api=4 type=1 insize=2137 outsize=1648 kw= ok=1
Cmd: preprocess
  insize=1636 outsize=878 ok=1
Cmd: compileSnippet
  api=4 type=0 insize=1060 outsize=1396 kw= ok=1
Cmd: compileSnippet
  api=4 type=1 insize=1060 outsize=1071 kw= ok=1
Cmd: preprocess
  insize=1560 outsize=533 ok=1
Cmd: compileSnippet
  api=4 type=0 insize=1329 outsize=1404 kw= ok=1
Cmd: compileSnippet
  api=4 type=1 insize=1329 outsize=1144 kw= ok=1
Cmd: preprocess
  insize=1428 outsize=478 ok=1
Cmd: compileSnippet
  api=4 type=0 insize=1252 outsize=1404 kw= ok=1
Cmd: compileSnippet
  api=4 type=1 insize=1252 outsize=1184 kw= ok=1
Cmd: preprocess
  insize=3042 outsize=2110 ok=1
Cmd: compileSnippet
  api=4 type=0 insize=7955 outsize=4784 kw=DIRECTIONAL SHADOWS_OFF LIGHTMAP_OFF DIRLIGHTMAP_OFF DYNAMICLIGHTMAP_OFF ok=1
Cmd: compileSnippet
  api=4 type=1 insize=7955 outsize=3264 kw=DIRECTIONAL SHADOWS_OFF LIGHTMAP_OFF DIRLIGHTMAP_OFF DYNAMICLIGHTMAP_OFF ok=1
Cmd: compileSnippet
  api=4 type=0 insize=5258 outsize=3866 kw=POINT ok=1
Cmd: compileSnippet
  api=4 type=1 insize=5258 outsize=3817 kw=POINT ok=1
Cmd: compileSnippet
  api=4 type=0 insize=4559 outsize=4166 kw= ok=1
Cmd: compileSnippet
  api=4 type=1 insize=4559 outsize=1412 kw= ok=1
Cmd: compileSnippet
  api=4 type=0 insize=7669 outsize=3663 kw=DIRECTIONAL SHADOWS_OFF LIGHTMAP_OFF DIRLIGHTMAP_OFF DYNAMICLIGHTMAP_OFF ok=1
Cmd: compileSnippet
  api=4 type=1 insize=7669 outsize=2403 kw=DIRECTIONAL SHADOWS_OFF LIGHTMAP_OFF DIRLIGHTMAP_OFF DYNAMICLIGHTMAP_OFF ok=1
Cmd: compileSnippet
  api=4 type=0 insize=4363 outsize=2753 kw=POINT ok=1
Cmd: compileSnippet
  api=4 type=1 insize=4363 outsize=3004 kw=POINT ok=1
Cmd: compileSnippet
  api=4 type=0 insize=3703 outsize=2103 kw= ok=1
Cmd: compileSnippet
  api=4 type=1 insize=3703 outsize=1266 kw= ok=1
Cmd: preprocess
  insize=2519 outsize=887 ok=1
Cmd: compileSnippet
  api=4 type=0 insize=1934 outsize=1899 kw= ok=1
Cmd: compileSnippet
  api=4 type=1 insize=1934 outsize=1566 kw= ok=1
Cmd: preprocess
  insize=1784 outsize=847 ok=1
Cmd: compileSnippet
  api=4 type=0 insize=1237 outsize=1404 kw= ok=1
Cmd: compileSnippet
  api=4 type=1 insize=1237 outsize=1184 kw= ok=1
Cmd: preprocess
  insize=2474 outsize=494 ok=1
Cmd: compileSnippet
  api=4 type=0 insize=2284 outsize=2094 kw= ok=1
Cmd: compileSnippet
  api=4 type=1 insize=2284 outsize=2273 kw= ok=1
Cmd: preprocess
  insize=435 outsize=435 ok=1
Cmd: preprocess
  insize=1465 outsize=506 ok=1
Cmd: compileSnippet
  api=4 type=0 insize=1260 outsize=1404 kw= ok=1
Cmd: compileSnippet
  api=4 type=1 insize=1260 outsize=1761 kw= ok=1
Cmd: preprocess
  insize=1414 outsize=840 ok=1
Cmd: compileSnippet
  api=4 type=0 insize=876 outsize=1209 kw= ok=1
Cmd: compileSnippet
  api=4 type=1 insize=876 outsize=770 kw= ok=1
Cmd: preprocess
  insize=5950 outsize=3819 ok=1
Cmd: compileSnippet
  api=4 type=0 insize=9453 outsize=5377 kw=DIRECTIONAL LIGHTMAP_OFF DIRLIGHTMAP_OFF DYNAMICLIGHTMAP_OFF ok=1
Cmd: compileSnippet
  api=4 type=1 insize=9453 outsize=4337 kw=DIRECTIONAL LIGHTMAP_OFF DIRLIGHTMAP_OFF DYNAMICLIGHTMAP_OFF ok=1
Cmd: compileSnippet
  api=4 type=0 insize=6644 outsize=4459 kw=POINT ok=1
Cmd: compileSnippet
  api=4 type=1 insize=6644 outsize=4841 kw=POINT ok=1
Cmd: compileSnippet
  api=4 type=0 insize=6060 outsize=5028 kw= ok=1
Cmd: compileSnippet
  api=4 type=1 insize=6060 outsize=2541 kw= ok=1
Cmd: compileSnippet
  api=4 type=0 insize=8291 outsize=4930 kw=DIRECTIONAL LIGHTMAP_OFF DIRLIGHTMAP_OFF DYNAMICLIGHTMAP_OFF ok=1
Cmd: compileSnippet
  api=4 type=1 insize=8291 outsize=3882 kw=DIRECTIONAL LIGHTMAP_OFF DIRLIGHTMAP_OFF DYNAMICLIGHTMAP_OFF ok=1
Cmd: compileSnippet
  api=4 type=0 insize=5569 outsize=4012 kw=POINT ok=1
Cmd: compileSnippet
  api=4 type=1 insize=5569 outsize=4353 kw=POINT ok=1
Cmd: compileSnippet
  api=4 type=0 insize=4985 outsize=4313 kw= ok=1
Cmd: compileSnippet
  api=4 type=1 insize=4985 outsize=1834 kw= ok=1
Cmd: compileSnippet
  api=4 type=0 insize=7340 outsize=3809 kw=DIRECTIONAL LIGHTMAP_OFF DIRLIGHTMAP_OFF DYNAMICLIGHTMAP_OFF ok=1
Cmd: compileSnippet
  api=4 type=1 insize=7340 outsize=1818 kw=DIRECTIONAL LIGHTMAP_OFF DIRLIGHTMAP_OFF DYNAMICLIGHTMAP_OFF ok=1
Cmd: compileSnippet
  api=4 type=0 insize=4110 outsize=2899 kw=POINT ok=1
Cmd: compileSnippet
  api=4 type=1 insize=4110 outsize=2452 kw=POINT ok=1
Cmd: compileSnippet
  api=4 type=0 insize=3457 outsize=2631 kw= ok=1
Cmd: compileSnippet
  api=4 type=1 insize=3457 outsize=1737 kw= ok=1
Cmd: preprocess
  insize=1464 outsize=884 ok=1
Cmd: compileSnippet
  api=4 type=0 insize=882 outsize=1209 kw= ok=1
Cmd: compileSnippet
  api=4 type=1 insize=882 outsize=770 kw= ok=1
Cmd: preprocess
  insize=2361 outsize=2710 ok=1
Cmd: compileSnippet
  api=4 type=0 insize=8060 outsize=4784 kw=DIRECTIONAL SHADOWS_OFF LIGHTMAP_OFF DIRLIGHTMAP_OFF DYNAMICLIGHTMAP_OFF ok=1
Cmd: compileSnippet
  api=4 type=1 insize=8060 outsize=3492 kw=DIRECTIONAL SHADOWS_OFF LIGHTMAP_OFF DIRLIGHTMAP_OFF DYNAMICLIGHTMAP_OFF ok=1
Cmd: compileSnippet
  api=4 type=0 insize=5363 outsize=3866 kw=POINT ok=1
Cmd: compileSnippet
  api=4 type=1 insize=5363 outsize=4044 kw=POINT ok=1
Cmd: compileSnippet
  api=4 type=0 insize=4664 outsize=4166 kw= ok=1
Cmd: compileSnippet
  api=4 type=1 insize=4664 outsize=1509 kw= ok=1
Cmd: compileSnippet
  api=4 type=0 insize=6915 outsize=3663 kw=DIRECTIONAL SHADOWS_OFF LIGHTMAP_OFF DIRLIGHTMAP_OFF DYNAMICLIGHTMAP_OFF ok=1
Cmd: compileSnippet
  api=4 type=1 insize=6915 outsize=1412 kw=DIRECTIONAL SHADOWS_OFF LIGHTMAP_OFF DIRLIGHTMAP_OFF DYNAMICLIGHTMAP_OFF ok=1
Cmd: compileSnippet
  api=4 type=0 insize=3752 outsize=2753 kw=POINT ok=1
Cmd: compileSnippet
  api=4 type=1 insize=3752 outsize=2046 kw=POINT ok=1
Cmd: compileSnippet
  api=4 type=0 insize=2910 outsize=2533 kw= ok=1
Cmd: compileSnippet
  api=4 type=1 insize=2910 outsize=697 kw= ok=1
Cmd: compileSnippet
  api=4 type=0 insize=6101 outsize=4077 kw=LIGHTMAP_OFF DIRLIGHTMAP_OFF DYNAMICLIGHTMAP_OFF HDR_LIGHT_PREPASS_OFF ok=1
Cmd: compileSnippet
  api=4 type=1 insize=6101 outsize=1461 kw=LIGHTMAP_OFF DIRLIGHTMAP_OFF DYNAMICLIGHTMAP_OFF HDR_LIGHT_PREPASS_OFF ok=1
Cmd: compileSnippet
  api=4 type=0 insize=6033 outsize=3801 kw=LIGHTMAP_OFF DIRLIGHTMAP_OFF DYNAMICLIGHTMAP_OFF HDR_LIGHT_PREPASS_OFF ok=1
Cmd: compileSnippet
  api=4 type=1 insize=6033 outsize=1745 kw=LIGHTMAP_OFF DIRLIGHTMAP_OFF DYNAMICLIGHTMAP_OFF HDR_LIGHT_PREPASS_OFF ok=1
Cmd: compileSnippet
  api=4 type=0 insize=3101 outsize=2484 kw= ok=1
Cmd: compileSnippet
  api=4 type=1 insize=3101 outsize=1412 kw= ok=1
Cmd: preprocess
  insize=1287 outsize=490 ok=1
Cmd: compileSnippet
  api=4 type=0 insize=1099 outsize=1526 kw= ok=1
Cmd: compileSnippet
  api=4 type=1 insize=1099 outsize=1071 kw= ok=1
Cmd: preprocess
  insize=1232 outsize=482 ok=1
Cmd: compileSnippet
  api=4 type=0 insize=1051 outsize=1209 kw= ok=1
Cmd: compileSnippet
  api=4 type=1 insize=1051 outsize=1379 kw= ok=1
Cmd: preprocess
  insize=2107 outsize=491 ok=1
Cmd: compileSnippet
  api=4 type=0 insize=1917 outsize=1713 kw= ok=1
Cmd: compileSnippet
  api=4 type=1 insize=1917 outsize=1932 kw= ok=1
Cmd: preprocess
  insize=1668 outsize=929 ok=1
Cmd: compileSnippet
  api=4 type=0 insize=1041 outsize=1290 kw= ok=1
Cmd: compileSnippet
  api=4 type=1 insize=1041 outsize=1006 kw= ok=1
Cmd: compileSnippet
  api=4 type=0 insize=541 outsize=3533 kw=SHADOWS_DEPTH ok=1
Cmd: compileSnippet
  api=4 type=1 insize=541 outsize=453 kw=SHADOWS_DEPTH ok=1
Cmd: compileSnippet
  api=4 type=0 insize=6810 outsize=3663 kw=DIRECTIONAL SHADOWS_OFF LIGHTMAP_OFF DIRLIGHTMAP_OFF DYNAMICLIGHTMAP_OFF ok=1
Cmd: compileSnippet
  api=4 type=1 insize=6810 outsize=1314 kw=DIRECTIONAL SHADOWS_OFF LIGHTMAP_OFF DIRLIGHTMAP_OFF DYNAMICLIGHTMAP_OFF ok=1
Cmd: compileSnippet
  api=4 type=0 insize=3647 outsize=2753 kw=DIRECTIONAL ok=1
Cmd: compileSnippet
  api=4 type=1 insize=3647 outsize=1168 kw=DIRECTIONAL ok=1
Cmd: compileSnippet
  api=4 type=0 insize=5363 outsize=3866 kw=DIRECTIONAL ok=1
Cmd: compileSnippet
  api=4 type=1 insize=5363 outsize=3297 kw=DIRECTIONAL ok=1
Cmd: compileSnippet
  api=4 type=0 insize=990 outsize=1087 kw= ok=1
Cmd: compileSnippet
  api=4 type=1 insize=990 outsize=713 kw= ok=1
Cmd: compileSnippet
  api=4 type=0 insize=5258 outsize=3866 kw=DIRECTIONAL ok=1
Cmd: compileSnippet
  api=4 type=1 insize=5258 outsize=3069 kw=DIRECTIONAL ok=1
Cmd: compileSnippet
  api=4 type=0 insize=577 outsize=3533 kw=SHADOWS_DEPTH ok=1
Cmd: compileSnippet
  api=4 type=1 insize=577 outsize=453 kw=SHADOWS_DEPTH ok=1
Cmd: compileSnippet
  api=4 type=0 insize=7080 outsize=4784 kw=DIRECTIONAL SHADOWS_OFF LIGHTMAP_OFF DIRLIGHTMAP_OFF DYNAMICLIGHTMAP_OFF ok=1
Cmd: compileSnippet
  api=4 type=1 insize=7080 outsize=1989 kw=DIRECTIONAL SHADOWS_OFF LIGHTMAP_OFF DIRLIGHTMAP_OFF DYNAMICLIGHTMAP_OFF ok=1
Cmd: compileSnippet
  api=4 type=0 insize=6644 outsize=4459 kw=DIRECTIONAL ok=1
Cmd: compileSnippet
  api=4 type=1 insize=6644 outsize=4093 kw=DIRECTIONAL ok=1
Cmd: compileSnippet
  api=4 type=0 insize=751 outsize=3533 kw=SHADOWS_DEPTH ok=1
Cmd: compileSnippet
  api=4 type=1 insize=751 outsize=380 kw=SHADOWS_DEPTH ok=1
Cmd: compileSnippet
  api=4 type=0 insize=982 outsize=3979 kw=DIRECTIONAL SHADOWS_OFF LIGHTMAP_OFF DIRLIGHTMAP_OFF DYNAMICLIGHTMAP_OFF ok=1
Cmd: compileSnippet
  api=4 type=1 insize=982 outsize=10561 kw=DIRECTIONAL SHADOWS_OFF LIGHTMAP_OFF DIRLIGHTMAP_OFF DYNAMICLIGHTMAP_OFF ok=1
Cmd: compileSnippet
  api=4 type=0 insize=938 outsize=4036 kw=DIRECTIONAL SHADOWS_OFF ok=1
Cmd: compileSnippet
  api=4 type=1 insize=938 outsize=5515 kw=DIRECTIONAL SHADOWS_OFF ok=1
Cmd: compileSnippet
  api=4 type=0 insize=1482 outsize=1290 kw=SOFTPARTICLES_OFF ok=1
Cmd: compileSnippet
  api=4 type=1 insize=1482 outsize=827 kw=SOFTPARTICLES_OFF ok=1
